[2020-10-24 05:43:15] main.DEBUG: array (
  'url' => 'https://api-3t.paypal.com/nvp',
  'SetExpressCheckout' => 
  array (
    'PAYMENTACTION' => 'Sale',
    'AMT' => '136.49',
    'CURRENCYCODE' => 'CAD',
    'RETURNURL' => 'http://v2.m2.sportszonecanada.com/paypal/express/return/',
    'CANCELURL' => 'http://v2.m2.sportszonecanada.com/paypal/express/cancel/',
    'INVNUM' => '1000002222',
    'SOLUTIONTYPE' => 'Sole',
    'GIROPAYCANCELURL' => 'http://v2.m2.sportszonecanada.com/paypal/express/cancel/',
    'GIROPAYSUCCESSURL' => 'http://v2.m2.sportszonecanada.com/checkout/onepage/success/',
    'BANKTXNPENDINGURL' => 'http://v2.m2.sportszonecanada.com/checkout/onepage/success/',
    'SHIPPINGAMT' => '0.00',
    'ITEMAMT' => '129.99',
    'TAXAMT' => '6.50',
    'L_NUMBER0' => NULL,
    'L_NAME0' => 'B45 PRO SELECTB110V',
    'L_QTY0' => 1,
    'L_AMT0' => '129.99',
    'BUSINESS' => 'test',
    'NOTETEXT' => NULL,
    'EMAIL' => 'test@gmail.com',
    'FIRSTNAME' => 'Qatest',
    'LASTNAME' => 'test',
    'MIDDLENAME' => NULL,
    'SALUTATION' => NULL,
    'SUFFIX' => NULL,
    'COUNTRYCODE' => 'CA',
    'STATE' => 'AB',
    'CITY' => 'canada',
    'STREET' => 'test',
    'ZIP' => '23400',
    'PHONENUM' => '5969669',
    'SHIPTOCOUNTRYCODE' => 'CA',
    'SHIPTOSTATE' => 'AB',
    'SHIPTOCITY' => 'canada',
    'SHIPTOSTREET' => 'test',
    'SHIPTOZIP' => '23400',
    'SHIPTOPHONENUM' => '5969669',
    'SHIPTOSTREET2' => '',
    'STREET2' => '',
    'SHIPTONAME' => 'Qatest test',
    'ADDROVERRIDE' => 1,
    'METHOD' => 'SetExpressCheckout',
    'VERSION' => '72.0',
    'USER' => '****',
    'PWD' => '****',
    'SIGNATURE' => '****',
    'BUTTONSOURCE' => 'Magento_Cart_Community',
  ),
  'response' => 
  array (
    'TOKEN' => 'EC-6CV53448LW668223H',
    'TIMESTAMP' => '2020-10-24T05:43:16Z',
    'CORRELATIONID' => 'ce5778d502774',
    'ACK' => 'Success',
    'VERSION' => '72.0',
    'BUILD' => '55009056',
  ),
) [] []
[2021-01-11 12:21:12] main.DEBUG: array (
  'url' => 'https://api-3t.paypal.com/nvp',
  'SetExpressCheckout' => 
  array (
    'PAYMENTACTION' => 'Sale',
    'AMT' => '319.96',
    'CURRENCYCODE' => 'CAD',
    'RETURNURL' => 'http://v2.m2.sportszonecanada.com/paypal/express/return/',
    'CANCELURL' => 'http://v2.m2.sportszonecanada.com/paypal/express/cancel/',
    'INVNUM' => '1000002224',
    'SOLUTIONTYPE' => 'Sole',
    'GIROPAYCANCELURL' => 'http://v2.m2.sportszonecanada.com/paypal/express/cancel/',
    'GIROPAYSUCCESSURL' => 'http://v2.m2.sportszonecanada.com/checkout/onepage/success/',
    'BANKTXNPENDINGURL' => 'http://v2.m2.sportszonecanada.com/checkout/onepage/success/',
    'SHIPPINGAMT' => '0.00',
    'ITEMAMT' => '319.96',
    'TAXAMT' => '0.00',
    'L_NUMBER0' => NULL,
    'L_NAME0' => 'Bauer S18 Performance Senior',
    'L_QTY0' => 4,
    'L_AMT0' => '79.99',
    'METHOD' => 'SetExpressCheckout',
    'VERSION' => '72.0',
    'USER' => '****',
    'PWD' => '****',
    'SIGNATURE' => '****',
    'BUTTONSOURCE' => 'Magento_Cart_Community',
  ),
  'response' => 
  array (
    'TOKEN' => 'EC-4JF00638GP863541E',
    'TIMESTAMP' => '2021-01-11T12:21:13Z',
    'CORRELATIONID' => 'de68ef070760b',
    'ACK' => 'Success',
    'VERSION' => '72.0',
    'BUILD' => '55100925',
  ),
) [] []
[2021-01-11 13:16:18] main.DEBUG: array (
  'url' => 'https://api-3t.paypal.com/nvp',
  'SetExpressCheckout' => 
  array (
    'PAYMENTACTION' => 'Sale',
    'AMT' => '1109.97',
    'CURRENCYCODE' => 'CAD',
    'RETURNURL' => 'http://v2.m2.sportszonecanada.com/paypal/express/return/',
    'CANCELURL' => 'http://v2.m2.sportszonecanada.com/paypal/express/cancel/',
    'INVNUM' => '1000002225',
    'SOLUTIONTYPE' => 'Sole',
    'GIROPAYCANCELURL' => 'http://v2.m2.sportszonecanada.com/paypal/express/cancel/',
    'GIROPAYSUCCESSURL' => 'http://v2.m2.sportszonecanada.com/checkout/onepage/success/',
    'BANKTXNPENDINGURL' => 'http://v2.m2.sportszonecanada.com/checkout/onepage/success/',
    'SHIPPINGAMT' => '0.00',
    'ITEMAMT' => '1109.97',
    'TAXAMT' => '0.00',
    'L_NUMBER0' => NULL,
    'L_NAME0' => 'BTH20 SUPREME S36 SKATE INT',
    'L_QTY0' => 2,
    'L_AMT0' => '189.99',
    'L_NUMBER1' => NULL,
    'L_NAME1' => 'BAUER SUPREME 3S PRO SENIOR HOCKEY SKATES',
    'L_QTY1' => 1,
    'L_AMT1' => '729.99',
    'BUSINESS' => 'test',
    'NOTETEXT' => NULL,
    'EMAIL' => 'purposeoftesting@gmail.com',
    'FIRSTNAME' => 'Qatest',
    'LASTNAME' => 'test',
    'MIDDLENAME' => NULL,
    'SALUTATION' => NULL,
    'SUFFIX' => NULL,
    'COUNTRYCODE' => 'IN',
    'STATE' => 'pondy',
    'CITY' => 'pondy',
    'STREET' => 'test',
    'ZIP' => '605002',
    'PHONENUM' => '9876543215',
    'SHIPTOCOUNTRYCODE' => 'IN',
    'SHIPTOSTATE' => 'pondy',
    'SHIPTOCITY' => 'pondy',
    'SHIPTOSTREET' => 'test',
    'SHIPTOZIP' => '605002',
    'SHIPTOPHONENUM' => '9876543215',
    'SHIPTOSTREET2' => '',
    'STREET2' => '',
    'SHIPTONAME' => 'Qatest test',
    'ADDROVERRIDE' => 1,
    'METHOD' => 'SetExpressCheckout',
    'VERSION' => '72.0',
    'USER' => '****',
    'PWD' => '****',
    'SIGNATURE' => '****',
    'BUTTONSOURCE' => 'Magento_Cart_Community',
  ),
  'response' => 
  array (
    'TOKEN' => 'EC-15898648LV6128344',
    'TIMESTAMP' => '2021-01-11T13:16:19Z',
    'CORRELATIONID' => '3e7c4b2124da1',
    'ACK' => 'Success',
    'VERSION' => '72.0',
    'BUILD' => '55100925',
  ),
) [] []
[2021-01-11 13:41:10] main.DEBUG: array (
  'url' => 'https://api-3t.paypal.com/nvp',
  'SetExpressCheckout' => 
  array (
    'PAYMENTACTION' => 'Sale',
    'AMT' => '216.98',
    'CURRENCYCODE' => 'CAD',
    'RETURNURL' => 'http://v2.m2.sportszonecanada.com/paypal/express/return/',
    'CANCELURL' => 'http://v2.m2.sportszonecanada.com/paypal/express/cancel/',
    'INVNUM' => '1000002226',
    'SOLUTIONTYPE' => 'Sole',
    'GIROPAYCANCELURL' => 'http://v2.m2.sportszonecanada.com/paypal/express/cancel/',
    'GIROPAYSUCCESSURL' => 'http://v2.m2.sportszonecanada.com/checkout/onepage/success/',
    'BANKTXNPENDINGURL' => 'http://v2.m2.sportszonecanada.com/checkout/onepage/success/',
    'BILLINGTYPE' => 'MerchantInitiatedBilling',
    'SHIPPINGAMT' => '0.00',
    'ITEMAMT' => '216.98',
    'TAXAMT' => '0.00',
    'L_NUMBER0' => NULL,
    'L_NAME0' => 'S19 SUPREME 2S PRO GRIP YTH',
    'L_QTY0' => 1,
    'L_AMT0' => '76.99',
    'L_NUMBER1' => NULL,
    'L_NAME1' => 'RAWLINGS 5150 2 5/8 -10',
    'L_QTY1' => 1,
    'L_AMT1' => '139.99',
    'BUSINESS' => NULL,
    'NOTETEXT' => NULL,
    'EMAIL' => 'Purposeoftesting143@gmail.com',
    'FIRSTNAME' => 'Qatest',
    'LASTNAME' => 'TEST',
    'MIDDLENAME' => NULL,
    'SALUTATION' => NULL,
    'SUFFIX' => NULL,
    'COUNTRYCODE' => 'IN',
    'STATE' => 'pondy',
    'CITY' => 'pondy',
    'STREET' => 'testT',
    'ZIP' => '605002',
    'PHONENUM' => '98765432189',
    'SHIPTOCOUNTRYCODE' => 'IN',
    'SHIPTOSTATE' => 'pondy',
    'SHIPTOCITY' => 'pondy',
    'SHIPTOSTREET' => 'testT',
    'SHIPTOZIP' => '605002',
    'SHIPTOPHONENUM' => '98765432189',
    'SHIPTOSTREET2' => 'test',
    'STREET2' => 'test',
    'SHIPTONAME' => 'Qatest TEST',
    'ADDROVERRIDE' => 1,
    'METHOD' => 'SetExpressCheckout',
    'VERSION' => '72.0',
    'USER' => '****',
    'PWD' => '****',
    'SIGNATURE' => '****',
    'BUTTONSOURCE' => 'Magento_Cart_Community',
  ),
  'response' => 
  array (
    'TOKEN' => 'EC-610115283P776413T',
    'TIMESTAMP' => '2021-01-11T13:41:11Z',
    'CORRELATIONID' => '76d026bb6877a',
    'ACK' => 'SuccessWithWarning',
    'VERSION' => '72.0',
    'BUILD' => '55100925',
    'L_ERRORCODE0' => '11452',
    'L_SHORTMESSAGE0' => 'Merchant not enabled for reference transactions',
    'L_LONGMESSAGE0' => 'Merchant not enabled for reference transactions',
    'L_SEVERITYCODE0' => 'Warning',
  ),
) [] []
[2021-03-23 15:00:44] main.DEBUG: array (
  'url' => 'https://api-3t.paypal.com/nvp',
  'SetExpressCheckout' => 
  array (
    'PAYMENTACTION' => 'Sale',
    'AMT' => '4.51',
    'CURRENCYCODE' => 'CAD',
    'RETURNURL' => 'http://v2.m2.sportszonecanada.com/paypal/express/return/',
    'CANCELURL' => 'http://v2.m2.sportszonecanada.com/paypal/express/cancel/',
    'INVNUM' => '1000002230',
    'SOLUTIONTYPE' => 'Sole',
    'GIROPAYCANCELURL' => 'http://v2.m2.sportszonecanada.com/paypal/express/cancel/',
    'GIROPAYSUCCESSURL' => 'http://v2.m2.sportszonecanada.com/checkout/onepage/success/',
    'BANKTXNPENDINGURL' => 'http://v2.m2.sportszonecanada.com/checkout/onepage/success/',
    'SHIPPINGAMT' => '0.00',
    'ITEMAMT' => '3.99',
    'TAXAMT' => '0.52',
    'L_NUMBER0' => NULL,
    'L_NAME0' => 'GRIP TAPE',
    'L_QTY0' => 1,
    'L_AMT0' => '3.99',
    'BUSINESS' => NULL,
    'NOTETEXT' => NULL,
    'EMAIL' => 'mattturkalj123@gmail.com',
    'FIRSTNAME' => 'Mathew',
    'LASTNAME' => 'Turkalj',
    'MIDDLENAME' => NULL,
    'SALUTATION' => NULL,
    'SUFFIX' => NULL,
    'COUNTRYCODE' => 'CA',
    'STATE' => 'ON',
    'CITY' => 'St. Jacobs',
    'STREET' => '63 Treeview Drive',
    'ZIP' => 'N0B2N0',
    'PHONENUM' => '2269893312',
    'SHIPTOCOUNTRYCODE' => 'CA',
    'SHIPTOSTATE' => 'ON',
    'SHIPTOCITY' => 'St. Jacobs',
    'SHIPTOSTREET' => '63 Treeview Drive',
    'SHIPTOZIP' => 'N0B2N0',
    'SHIPTOPHONENUM' => '2269893312',
    'SHIPTOSTREET2' => '',
    'STREET2' => '',
    'SHIPTONAME' => 'Mathew Turkalj',
    'ADDROVERRIDE' => 1,
    'METHOD' => 'SetExpressCheckout',
    'VERSION' => '72.0',
    'USER' => '****',
    'PWD' => '****',
    'SIGNATURE' => '****',
    'BUTTONSOURCE' => 'Magento_Cart_Community',
  ),
  'response' => 
  array (
    'TOKEN' => 'EC-2VL81131PX9237741',
    'TIMESTAMP' => '2021-03-23T15:00:45Z',
    'CORRELATIONID' => '2abf5e4f01401',
    'ACK' => 'Success',
    'VERSION' => '72.0',
    'BUILD' => '55450593',
  ),
) [] []
[2021-03-23 15:01:50] main.DEBUG: array (
  'url' => 'https://api-3t.paypal.com/nvp',
  'GetExpressCheckoutDetails' => 
  array (
    'TOKEN' => 'EC-2VL81131PX9237741',
    'METHOD' => 'GetExpressCheckoutDetails',
    'VERSION' => '72.0',
    'USER' => '****',
    'PWD' => '****',
    'SIGNATURE' => '****',
    'BUTTONSOURCE' => 'Magento_Cart_Community',
  ),
  'response' => 
  array (
    'TOKEN' => 'EC-2VL81131PX9237741',
    'BILLINGAGREEMENTACCEPTEDSTATUS' => '0',
    'CHECKOUTSTATUS' => 'PaymentActionNotInitiated',
    'TIMESTAMP' => '2021-03-23T15:01:51Z',
    'CORRELATIONID' => 'b5ff4c0b525f7',
    'ACK' => 'Success',
    'VERSION' => '72.0',
    'BUILD' => '55450593',
    'EMAIL' => 'mattturkalj123@gmail.com',
    'PAYERID' => 'T887PQDGGMF9A',
    'PAYERSTATUS' => 'unverified',
    'FIRSTNAME' => 'Mathew',
    'LASTNAME' => 'Turkalj',
    'COUNTRYCODE' => 'CA',
    'SHIPTONAME' => 'Mathew Turkalj',
    'SHIPTOSTREET' => '63 Treeview Drive',
    'SHIPTOCITY' => 'St. Jacobs',
    'SHIPTOSTATE' => 'ON',
    'SHIPTOZIP' => 'N0B2N0',
    'SHIPTOCOUNTRYCODE' => 'CA',
    'SHIPTOPHONENUM' => '2269893312',
    'SHIPTOCOUNTRYNAME' => 'Canada',
    'ADDRESSSTATUS' => 'Confirmed',
    'CURRENCYCODE' => 'CAD',
    'AMT' => '4.51',
    'ITEMAMT' => '3.99',
    'SHIPPINGAMT' => '0.00',
    'HANDLINGAMT' => '0.00',
    'TAXAMT' => '0.52',
    'INVNUM' => '1000002230',
    'NOTIFYURL' => 'http://www.sportszonecanada.com/store/go/checkout-callback/8/',
    'INSURANCEAMT' => '0.00',
    'SHIPDISCAMT' => '0.00',
    'INSURANCEOPTIONOFFERED' => 'false',
    'L_NAME0' => 'GRIP TAPE',
    'L_QTY0' => '1',
    'L_TAXAMT0' => '0.00',
    'L_AMT0' => '3.99',
    'PAYMENTREQUEST_0_CURRENCYCODE' => 'CAD',
    'PAYMENTREQUEST_0_AMT' => '4.51',
    'PAYMENTREQUEST_0_ITEMAMT' => '3.99',
    'PAYMENTREQUEST_0_SHIPPINGAMT' => '0.00',
    'PAYMENTREQUEST_0_HANDLINGAMT' => '0.00',
    'PAYMENTREQUEST_0_TAXAMT' => '0.52',
    'PAYMENTREQUEST_0_INVNUM' => '1000002230',
    'PAYMENTREQUEST_0_NOTIFYURL' => 'http://www.sportszonecanada.com/store/go/checkout-callback/8/',
    'PAYMENTREQUEST_0_INSURANCEAMT' => '0.00',
    'PAYMENTREQUEST_0_SHIPDISCAMT' => '0.00',
    'PAYMENTREQUEST_0_SELLERPAYPALACCOUNTID' => 'vs@sportszonecanada.com',
    'PAYMENTREQUEST_0_INSURANCEOPTIONOFFERED' => 'false',
    'PAYMENTREQUEST_0_SHIPTONAME' => 'Mathew Turkalj',
    'PAYMENTREQUEST_0_SHIPTOSTREET' => '63 Treeview Drive',
    'PAYMENTREQUEST_0_SHIPTOCITY' => 'St. Jacobs',
    'PAYMENTREQUEST_0_SHIPTOSTATE' => 'ON',
    'PAYMENTREQUEST_0_SHIPTOZIP' => 'N0B2N0',
    'PAYMENTREQUEST_0_SHIPTOCOUNTRYCODE' => 'CA',
    'PAYMENTREQUEST_0_SHIPTOPHONENUM' => '2269893312',
    'PAYMENTREQUEST_0_SHIPTOCOUNTRYNAME' => 'Canada',
    'PAYMENTREQUEST_0_ADDRESSSTATUS' => 'Confirmed',
    'L_PAYMENTREQUEST_0_NAME0' => 'GRIP TAPE',
    'L_PAYMENTREQUEST_0_QTY0' => '1',
    'L_PAYMENTREQUEST_0_TAXAMT0' => '0.00',
    'L_PAYMENTREQUEST_0_AMT0' => '3.99',
    'PAYMENTREQUESTINFO_0_ERRORCODE' => '0',
  ),
) [] []
[2021-03-23 15:02:34] main.DEBUG: array (
  'url' => 'https://api-3t.paypal.com/nvp',
  'DoExpressCheckoutPayment' => 
  array (
    'TOKEN' => 'EC-2VL81131PX9237741',
    'PAYERID' => 'T887PQDGGMF9A',
    'PAYMENTACTION' => 'Sale',
    'AMT' => '4.51',
    'CURRENCYCODE' => 'CAD',
    'BUTTONSOURCE' => 'Magento_Cart_Community',
    'NOTIFYURL' => 'http://v2.m2.sportszonecanada.com/paypal/ipn/',
    'RETURNFMFDETAILS' => 1,
    'SHIPPINGAMT' => '0.00',
    'ITEMAMT' => '3.99',
    'TAXAMT' => '0.52',
    'L_NUMBER0' => NULL,
    'L_NAME0' => 'GRIP TAPE',
    'L_QTY0' => 1,
    'L_AMT0' => '3.99',
    'BUSINESS' => NULL,
    'EMAIL' => 'mattturkalj123@gmail.com',
    'FIRSTNAME' => 'Mathew',
    'LASTNAME' => 'Turkalj',
    'MIDDLENAME' => NULL,
    'SALUTATION' => NULL,
    'SUFFIX' => NULL,
    'COUNTRYCODE' => 'CA',
    'STATE' => 'ON',
    'CITY' => 'St. Jacobs',
    'STREET' => '63 Treeview Drive',
    'ZIP' => 'N0B2N0',
    'PHONENUM' => '2269893312',
    'SHIPTOCOUNTRYCODE' => 'CA',
    'SHIPTOSTATE' => 'ON',
    'SHIPTOCITY' => 'St. Jacobs',
    'SHIPTOSTREET' => '63 Treeview Drive',
    'SHIPTOZIP' => 'N0B2N0',
    'SHIPTOPHONENUM' => '2269893312',
    'SHIPTOSTREET2' => '',
    'STREET2' => '',
    'SHIPTONAME' => 'Mathew Turkalj',
    'ADDROVERRIDE' => 1,
    'METHOD' => 'DoExpressCheckoutPayment',
    'VERSION' => '72.0',
    'USER' => '****',
    'PWD' => '****',
    'SIGNATURE' => '****',
  ),
  'response' => 
  array (
    'TOKEN' => 'EC-2VL81131PX9237741',
    'SUCCESSPAGEREDIRECTREQUESTED' => 'false',
    'TIMESTAMP' => '2021-03-23T15:02:36Z',
    'CORRELATIONID' => '831f7d7e9614b',
    'ACK' => 'Success',
    'VERSION' => '72.0',
    'BUILD' => '55450593',
    'TRANSACTIONID' => '4P686255R3419522X',
    'RECEIPTID' => '4149045603662502',
    'TRANSACTIONTYPE' => 'cart',
    'PAYMENTTYPE' => 'instant',
    'ORDERTIME' => '2021-03-23T15:02:34Z',
    'AMT' => '4.51',
    'FEEAMT' => '0.43',
    'TAXAMT' => '0.52',
    'CURRENCYCODE' => 'CAD',
    'PAYMENTSTATUS' => 'Completed',
    'PENDINGREASON' => 'None',
    'REASONCODE' => 'None',
    'PROTECTIONELIGIBILITY' => 'Eligible',
    'INSURANCEOPTIONSELECTED' => 'false',
    'SHIPPINGOPTIONISDEFAULT' => 'false',
    'PAYMENTINFO_0_TRANSACTIONID' => '4P686255R3419522X',
    'PAYMENTINFO_0_RECEIPTID' => '4149045603662502',
    'PAYMENTINFO_0_TRANSACTIONTYPE' => 'cart',
    'PAYMENTINFO_0_PAYMENTTYPE' => 'instant',
    'PAYMENTINFO_0_ORDERTIME' => '2021-03-23T15:02:34Z',
    'PAYMENTINFO_0_AMT' => '4.51',
    'PAYMENTINFO_0_FEEAMT' => '0.43',
    'PAYMENTINFO_0_TAXAMT' => '0.52',
    'PAYMENTINFO_0_CURRENCYCODE' => 'CAD',
    'PAYMENTINFO_0_PAYMENTSTATUS' => 'Completed',
    'PAYMENTINFO_0_PENDINGREASON' => 'None',
    'PAYMENTINFO_0_REASONCODE' => 'None',
    'PAYMENTINFO_0_PROTECTIONELIGIBILITY' => 'Eligible',
    'PAYMENTINFO_0_PROTECTIONELIGIBILITYTYPE' => 'ItemNotReceivedEligible,UnauthorizedPaymentEligible',
    'PAYMENTINFO_0_SELLERPAYPALACCOUNTID' => 'vs@sportszonecanada.com',
    'PAYMENTINFO_0_SECUREMERCHANTACCOUNTID' => '6KGXH23JP6NJW',
    'PAYMENTINFO_0_ERRORCODE' => '0',
    'PAYMENTINFO_0_ACK' => 'Success',
  ),
) [] []
