[2021-09-15 02:20:39] main.INFO: Consumer "async.operations.all" skipped as required connection "amqp" is not configured. Unknown connection name amqp [] []
[2021-09-15 02:25:38] main.INFO: Consumer "async.operations.all" skipped as required connection "amqp" is not configured. Unknown connection name amqp [] []
[2021-09-15 02:30:12] main.INFO: Consumer "async.operations.all" skipped as required connection "amqp" is not configured. Unknown connection name amqp [] []
[2021-09-15 02:35:41] main.INFO: Consumer "async.operations.all" skipped as required connection "amqp" is not configured. Unknown connection name amqp [] []
[2021-09-15 02:40:15] main.INFO: Consumer "async.operations.all" skipped as required connection "amqp" is not configured. Unknown connection name amqp [] []
[2021-09-15 02:45:36] main.INFO: Consumer "async.operations.all" skipped as required connection "amqp" is not configured. Unknown connection name amqp [] []
[2021-09-15 02:50:08] main.INFO: Consumer "async.operations.all" skipped as required connection "amqp" is not configured. Unknown connection name amqp [] []
[2021-09-15 02:55:19] main.INFO: Consumer "async.operations.all" skipped as required connection "amqp" is not configured. Unknown connection name amqp [] []
[2021-09-15 03:00:48] main.WARNING: Update of the subscription for MBI service has been failed: Not authorized.. Content-Type: text/plain;charset=UTF-8 [] []
[2021-09-15 03:00:48] main.INFO: Consumer "async.operations.all" skipped as required connection "amqp" is not configured. Unknown connection name amqp [] []
[2021-09-15 03:05:34] main.INFO: Consumer "async.operations.all" skipped as required connection "amqp" is not configured. Unknown connection name amqp [] []
[2021-09-15 03:10:31] main.INFO: Consumer "async.operations.all" skipped as required connection "amqp" is not configured. Unknown connection name amqp [] []
[2021-09-15 03:15:22] main.INFO: Consumer "async.operations.all" skipped as required connection "amqp" is not configured. Unknown connection name amqp [] []
[2021-09-15 03:20:46] main.INFO: Consumer "async.operations.all" skipped as required connection "amqp" is not configured. Unknown connection name amqp [] []
[2021-09-15 03:25:26] main.INFO: Consumer "async.operations.all" skipped as required connection "amqp" is not configured. Unknown connection name amqp [] []
[2021-09-15 03:30:49] main.INFO: Consumer "async.operations.all" skipped as required connection "amqp" is not configured. Unknown connection name amqp [] []
[2021-09-15 03:35:42] main.INFO: Consumer "async.operations.all" skipped as required connection "amqp" is not configured. Unknown connection name amqp [] []
[2021-09-15 03:40:42] main.INFO: Consumer "async.operations.all" skipped as required connection "amqp" is not configured. Unknown connection name amqp [] []
[2021-09-15 03:45:34] main.INFO: Consumer "async.operations.all" skipped as required connection "amqp" is not configured. Unknown connection name amqp [] []
[2021-09-15 03:50:45] main.INFO: Consumer "async.operations.all" skipped as required connection "amqp" is not configured. Unknown connection name amqp [] []
[2021-09-15 03:55:31] main.INFO: Consumer "async.operations.all" skipped as required connection "amqp" is not configured. Unknown connection name amqp [] []
[2021-09-15 04:00:47] main.WARNING: Update of the subscription for MBI service has been failed: Not authorized.. Content-Type: text/plain;charset=UTF-8 [] []
[2021-09-15 04:00:48] main.INFO: Consumer "async.operations.all" skipped as required connection "amqp" is not configured. Unknown connection name amqp [] []
[2021-09-15 04:02:35] main.CRITICAL: Class MagentoEavModelEntityAttributeSourceTable does not exist [] []
[2021-09-15 04:05:13] main.INFO: Consumer "async.operations.all" skipped as required connection "amqp" is not configured. Unknown connection name amqp [] []
[2021-09-15 04:10:23] main.INFO: Consumer "async.operations.all" skipped as required connection "amqp" is not configured. Unknown connection name amqp [] []
[2021-09-15 04:15:22] main.INFO: Consumer "async.operations.all" skipped as required connection "amqp" is not configured. Unknown connection name amqp [] []
[2021-09-15 04:20:39] main.INFO: Consumer "async.operations.all" skipped as required connection "amqp" is not configured. Unknown connection name amqp [] []
[2021-09-15 04:25:32] main.INFO: Consumer "async.operations.all" skipped as required connection "amqp" is not configured. Unknown connection name amqp [] []
[2021-09-15 04:30:20] main.INFO: Consumer "async.operations.all" skipped as required connection "amqp" is not configured. Unknown connection name amqp [] []
[2021-09-15 04:35:21] main.INFO: Consumer "async.operations.all" skipped as required connection "amqp" is not configured. Unknown connection name amqp [] []
[2021-09-15 04:40:26] main.INFO: Consumer "async.operations.all" skipped as required connection "amqp" is not configured. Unknown connection name amqp [] []
[2021-09-15 04:45:28] main.INFO: Consumer "async.operations.all" skipped as required connection "amqp" is not configured. Unknown connection name amqp [] []
[2021-09-15 04:50:40] main.INFO: Consumer "async.operations.all" skipped as required connection "amqp" is not configured. Unknown connection name amqp [] []
[2021-09-15 04:55:33] main.INFO: Consumer "async.operations.all" skipped as required connection "amqp" is not configured. Unknown connection name amqp [] []
[2021-09-15 05:01:09] main.WARNING: Update of the subscription for MBI service has been failed: Not authorized.. Content-Type: text/plain;charset=UTF-8 [] []
[2021-09-15 05:01:28] main.INFO: Consumer "async.operations.all" skipped as required connection "amqp" is not configured. Unknown connection name amqp [] []
[2021-09-15 05:05:35] main.INFO: Consumer "async.operations.all" skipped as required connection "amqp" is not configured. Unknown connection name amqp [] []
[2021-09-15 05:10:45] main.INFO: Consumer "async.operations.all" skipped as required connection "amqp" is not configured. Unknown connection name amqp [] []
[2021-09-15 05:15:44] main.INFO: Consumer "async.operations.all" skipped as required connection "amqp" is not configured. Unknown connection name amqp [] []
[2021-09-15 05:20:19] main.INFO: Consumer "async.operations.all" skipped as required connection "amqp" is not configured. Unknown connection name amqp [] []
[2021-09-15 05:25:36] main.INFO: Consumer "async.operations.all" skipped as required connection "amqp" is not configured. Unknown connection name amqp [] []
[2021-09-15 05:30:48] main.INFO: Consumer "async.operations.all" skipped as required connection "amqp" is not configured. Unknown connection name amqp [] []
[2021-09-15 05:35:45] main.INFO: Consumer "async.operations.all" skipped as required connection "amqp" is not configured. Unknown connection name amqp [] []
[2021-09-15 05:40:45] main.INFO: Consumer "async.operations.all" skipped as required connection "amqp" is not configured. Unknown connection name amqp [] []
[2021-09-15 05:45:32] main.INFO: Consumer "async.operations.all" skipped as required connection "amqp" is not configured. Unknown connection name amqp [] []
[2021-09-15 05:50:35] main.INFO: Consumer "async.operations.all" skipped as required connection "amqp" is not configured. Unknown connection name amqp [] []
[2021-09-15 05:55:20] main.INFO: Consumer "async.operations.all" skipped as required connection "amqp" is not configured. Unknown connection name amqp [] []
[2021-09-15 06:01:23] main.WARNING: Update of the subscription for MBI service has been failed: Response body is empty. Content-Type:  [] []
[2021-09-15 06:01:23] main.INFO: Consumer "async.operations.all" skipped as required connection "amqp" is not configured. Unknown connection name amqp [] []
[2021-09-15 06:05:42] main.INFO: Reference to undeclared plugin with name 'stockedProductsFilterPlugin'. [] []
[2021-09-15 06:10:29] main.INFO: Consumer "async.operations.all" skipped as required connection "amqp" is not configured. Unknown connection name amqp [] []
[2021-09-15 06:15:27] main.INFO: Consumer "async.operations.all" skipped as required connection "amqp" is not configured. Unknown connection name amqp [] []
[2021-09-15 06:20:23] main.INFO: Consumer "async.operations.all" skipped as required connection "amqp" is not configured. Unknown connection name amqp [] []
[2021-09-15 06:25:33] main.INFO: Consumer "async.operations.all" skipped as required connection "amqp" is not configured. Unknown connection name amqp [] []
[2021-09-15 06:30:33] main.INFO: Consumer "async.operations.all" skipped as required connection "amqp" is not configured. Unknown connection name amqp [] []
[2021-09-15 06:35:20] main.INFO: Consumer "async.operations.all" skipped as required connection "amqp" is not configured. Unknown connection name amqp [] []
[2021-09-15 06:40:20] main.INFO: Consumer "async.operations.all" skipped as required connection "amqp" is not configured. Unknown connection name amqp [] []
[2021-09-15 06:45:31] main.INFO: Consumer "async.operations.all" skipped as required connection "amqp" is not configured. Unknown connection name amqp [] []
[2021-09-15 06:50:16] main.INFO: Consumer "async.operations.all" skipped as required connection "amqp" is not configured. Unknown connection name amqp [] []
[2021-09-15 06:55:13] main.INFO: Consumer "async.operations.all" skipped as required connection "amqp" is not configured. Unknown connection name amqp [] []
[2021-09-15 07:01:08] main.WARNING: Update of the subscription for MBI service has been failed: Response body is empty. Content-Type:  [] []
[2021-09-15 07:01:09] main.INFO: Consumer "async.operations.all" skipped as required connection "amqp" is not configured. Unknown connection name amqp [] []
[2021-09-15 07:05:11] main.INFO: Consumer "async.operations.all" skipped as required connection "amqp" is not configured. Unknown connection name amqp [] []
[2021-09-15 07:10:13] main.INFO: Consumer "async.operations.all" skipped as required connection "amqp" is not configured. Unknown connection name amqp [] []
[2021-09-15 07:15:32] main.INFO: Consumer "async.operations.all" skipped as required connection "amqp" is not configured. Unknown connection name amqp [] []
[2021-09-15 07:20:39] main.INFO: Consumer "async.operations.all" skipped as required connection "amqp" is not configured. Unknown connection name amqp [] []
[2021-09-15 07:25:32] main.INFO: Consumer "async.operations.all" skipped as required connection "amqp" is not configured. Unknown connection name amqp [] []
[2021-09-15 07:30:25] main.INFO: Consumer "async.operations.all" skipped as required connection "amqp" is not configured. Unknown connection name amqp [] []
[2021-09-15 07:35:14] main.INFO: Consumer "async.operations.all" skipped as required connection "amqp" is not configured. Unknown connection name amqp [] []
[2021-09-15 07:40:29] main.INFO: Consumer "async.operations.all" skipped as required connection "amqp" is not configured. Unknown connection name amqp [] []
[2021-09-15 07:45:11] main.INFO: Consumer "async.operations.all" skipped as required connection "amqp" is not configured. Unknown connection name amqp [] []
[2021-09-15 07:50:16] main.INFO: Consumer "async.operations.all" skipped as required connection "amqp" is not configured. Unknown connection name amqp [] []
[2021-09-15 07:55:28] main.INFO: Consumer "async.operations.all" skipped as required connection "amqp" is not configured. Unknown connection name amqp [] []
[2021-09-15 08:00:28] main.WARNING: Update of the subscription for MBI service has been failed: Not authorized.. Content-Type: text/plain;charset=UTF-8 [] []
[2021-09-15 08:00:29] main.INFO: Consumer "async.operations.all" skipped as required connection "amqp" is not configured. Unknown connection name amqp [] []
[2021-09-15 08:05:47] main.INFO: Consumer "async.operations.all" skipped as required connection "amqp" is not configured. Unknown connection name amqp [] []
[2021-09-15 08:10:29] main.INFO: Consumer "async.operations.all" skipped as required connection "amqp" is not configured. Unknown connection name amqp [] []
[2021-09-15 08:15:12] main.INFO: Consumer "async.operations.all" skipped as required connection "amqp" is not configured. Unknown connection name amqp [] []
[2021-09-15 08:20:30] main.INFO: Consumer "async.operations.all" skipped as required connection "amqp" is not configured. Unknown connection name amqp [] []
[2021-09-15 08:25:11] main.INFO: Consumer "async.operations.all" skipped as required connection "amqp" is not configured. Unknown connection name amqp [] []
[2021-09-15 08:30:41] main.CRITICAL: Class MagentoEavModelEntityAttributeSourceTable does not exist [] []
[2021-09-15 08:30:45] main.INFO: Consumer "async.operations.all" skipped as required connection "amqp" is not configured. Unknown connection name amqp [] []
[2021-09-15 08:35:37] main.INFO: Consumer "async.operations.all" skipped as required connection "amqp" is not configured. Unknown connection name amqp [] []
[2021-09-15 08:40:17] main.INFO: Consumer "async.operations.all" skipped as required connection "amqp" is not configured. Unknown connection name amqp [] []
[2021-09-15 08:45:48] main.INFO: Consumer "async.operations.all" skipped as required connection "amqp" is not configured. Unknown connection name amqp [] []
[2021-09-15 08:50:47] main.INFO: Consumer "async.operations.all" skipped as required connection "amqp" is not configured. Unknown connection name amqp [] []
[2021-09-15 08:55:22] main.INFO: Consumer "async.operations.all" skipped as required connection "amqp" is not configured. Unknown connection name amqp [] []
[2021-09-15 09:01:43] main.WARNING: Update of the subscription for MBI service has been failed: Response body is empty. Content-Type:  [] []
[2021-09-15 09:01:44] main.INFO: Consumer "async.operations.all" skipped as required connection "amqp" is not configured. Unknown connection name amqp [] []
[2021-09-15 09:05:45] main.INFO: Consumer "async.operations.all" skipped as required connection "amqp" is not configured. Unknown connection name amqp [] []
[2021-09-15 09:10:10] main.INFO: Consumer "async.operations.all" skipped as required connection "amqp" is not configured. Unknown connection name amqp [] []
[2021-09-15 09:15:31] main.INFO: Consumer "async.operations.all" skipped as required connection "amqp" is not configured. Unknown connection name amqp [] []
[2021-09-15 09:20:10] main.INFO: Consumer "async.operations.all" skipped as required connection "amqp" is not configured. Unknown connection name amqp [] []
[2021-09-15 09:25:37] main.INFO: Consumer "async.operations.all" skipped as required connection "amqp" is not configured. Unknown connection name amqp [] []
[2021-09-15 09:30:40] main.INFO: Consumer "async.operations.all" skipped as required connection "amqp" is not configured. Unknown connection name amqp [] []
[2021-09-15 09:35:37] main.INFO: Consumer "async.operations.all" skipped as required connection "amqp" is not configured. Unknown connection name amqp [] []
[2021-09-15 09:40:21] main.INFO: Consumer "async.operations.all" skipped as required connection "amqp" is not configured. Unknown connection name amqp [] []
[2021-09-15 09:45:35] main.INFO: Consumer "async.operations.all" skipped as required connection "amqp" is not configured. Unknown connection name amqp [] []
[2021-09-15 09:50:29] main.INFO: Consumer "async.operations.all" skipped as required connection "amqp" is not configured. Unknown connection name amqp [] []
[2021-09-15 09:55:22] main.INFO: Consumer "async.operations.all" skipped as required connection "amqp" is not configured. Unknown connection name amqp [] []
[2021-09-15 10:00:40] main.WARNING: Update of the subscription for MBI service has been failed: Not authorized.. Content-Type: text/plain;charset=UTF-8 [] []
[2021-09-15 10:00:41] main.INFO: Consumer "async.operations.all" skipped as required connection "amqp" is not configured. Unknown connection name amqp [] []
[2021-09-15 10:05:46] main.INFO: Consumer "async.operations.all" skipped as required connection "amqp" is not configured. Unknown connection name amqp [] []
[2021-09-15 10:10:23] main.INFO: Consumer "async.operations.all" skipped as required connection "amqp" is not configured. Unknown connection name amqp [] []
[2021-09-15 10:15:32] main.INFO: Consumer "async.operations.all" skipped as required connection "amqp" is not configured. Unknown connection name amqp [] []
[2021-09-15 10:20:42] main.INFO: Consumer "async.operations.all" skipped as required connection "amqp" is not configured. Unknown connection name amqp [] []
[2021-09-15 10:25:28] main.INFO: Consumer "async.operations.all" skipped as required connection "amqp" is not configured. Unknown connection name amqp [] []
[2021-09-15 10:30:21] main.INFO: Consumer "async.operations.all" skipped as required connection "amqp" is not configured. Unknown connection name amqp [] []
[2021-09-15 10:35:17] main.INFO: Consumer "async.operations.all" skipped as required connection "amqp" is not configured. Unknown connection name amqp [] []
[2021-09-15 10:40:43] main.INFO: Consumer "async.operations.all" skipped as required connection "amqp" is not configured. Unknown connection name amqp [] []
[2021-09-15 10:45:10] main.INFO: Consumer "async.operations.all" skipped as required connection "amqp" is not configured. Unknown connection name amqp [] []
[2021-09-15 10:50:20] main.INFO: Consumer "async.operations.all" skipped as required connection "amqp" is not configured. Unknown connection name amqp [] []
[2021-09-15 10:55:23] main.INFO: Consumer "async.operations.all" skipped as required connection "amqp" is not configured. Unknown connection name amqp [] []
[2021-09-15 11:00:22] main.WARNING: Update of the subscription for MBI service has been failed: Not authorized.. Content-Type: text/plain;charset=UTF-8 [] []
[2021-09-15 11:00:22] main.INFO: Consumer "async.operations.all" skipped as required connection "amqp" is not configured. Unknown connection name amqp [] []
[2021-09-15 11:05:23] main.INFO: Consumer "async.operations.all" skipped as required connection "amqp" is not configured. Unknown connection name amqp [] []
[2021-09-15 11:10:18] main.INFO: Consumer "async.operations.all" skipped as required connection "amqp" is not configured. Unknown connection name amqp [] []
[2021-09-15 11:15:27] main.INFO: Consumer "async.operations.all" skipped as required connection "amqp" is not configured. Unknown connection name amqp [] []
[2021-09-15 11:20:14] main.INFO: Consumer "async.operations.all" skipped as required connection "amqp" is not configured. Unknown connection name amqp [] []
[2021-09-15 11:25:31] main.INFO: Consumer "async.operations.all" skipped as required connection "amqp" is not configured. Unknown connection name amqp [] []
[2021-09-15 11:30:47] main.INFO: Consumer "async.operations.all" skipped as required connection "amqp" is not configured. Unknown connection name amqp [] []
[2021-09-15 11:35:32] main.INFO: Consumer "async.operations.all" skipped as required connection "amqp" is not configured. Unknown connection name amqp [] []
[2021-09-15 11:40:17] main.INFO: Consumer "async.operations.all" skipped as required connection "amqp" is not configured. Unknown connection name amqp [] []
[2021-09-15 11:45:25] main.INFO: Consumer "async.operations.all" skipped as required connection "amqp" is not configured. Unknown connection name amqp [] []
[2021-09-15 11:50:15] main.INFO: Consumer "async.operations.all" skipped as required connection "amqp" is not configured. Unknown connection name amqp [] []
[2021-09-15 11:55:12] main.INFO: Consumer "async.operations.all" skipped as required connection "amqp" is not configured. Unknown connection name amqp [] []
[2021-09-15 12:00:18] main.WARNING: Update of the subscription for MBI service has been failed: Not authorized.. Content-Type: text/plain;charset=UTF-8 [] []
[2021-09-15 12:00:19] main.INFO: Consumer "async.operations.all" skipped as required connection "amqp" is not configured. Unknown connection name amqp [] []
[2021-09-15 12:05:19] main.INFO: Consumer "async.operations.all" skipped as required connection "amqp" is not configured. Unknown connection name amqp [] []
[2021-09-15 12:10:22] main.INFO: Consumer "async.operations.all" skipped as required connection "amqp" is not configured. Unknown connection name amqp [] []
[2021-09-15 12:14:39] main.WARNING: Broken reference: The element with the "before.body.end" ID wasn't found. Verify the ID and try again. [] []
[2021-09-15 12:14:51] main.CRITICAL: Class MagentoEavModelEntityAttributeSourceTable does not exist [] []
[2021-09-15 12:15:44] main.INFO: Consumer "async.operations.all" skipped as required connection "amqp" is not configured. Unknown connection name amqp [] []
[2021-09-15 12:20:32] main.INFO: Consumer "async.operations.all" skipped as required connection "amqp" is not configured. Unknown connection name amqp [] []
[2021-09-15 12:25:44] main.INFO: Consumer "async.operations.all" skipped as required connection "amqp" is not configured. Unknown connection name amqp [] []
[2021-09-15 12:30:20] main.INFO: Consumer "async.operations.all" skipped as required connection "amqp" is not configured. Unknown connection name amqp [] []
[2021-09-15 12:35:08] main.INFO: Consumer "async.operations.all" skipped as required connection "amqp" is not configured. Unknown connection name amqp [] []
[2021-09-15 12:40:41] main.INFO: Consumer "async.operations.all" skipped as required connection "amqp" is not configured. Unknown connection name amqp [] []
[2021-09-15 12:45:27] main.INFO: Consumer "async.operations.all" skipped as required connection "amqp" is not configured. Unknown connection name amqp [] []
[2021-09-15 12:50:34] main.INFO: Consumer "async.operations.all" skipped as required connection "amqp" is not configured. Unknown connection name amqp [] []
[2021-09-15 12:55:16] main.INFO: Consumer "async.operations.all" skipped as required connection "amqp" is not configured. Unknown connection name amqp [] []
[2021-09-15 13:00:21] main.WARNING: Update of the subscription for MBI service has been failed: Not authorized.. Content-Type: text/plain;charset=UTF-8 [] []
[2021-09-15 13:00:21] main.INFO: Consumer "async.operations.all" skipped as required connection "amqp" is not configured. Unknown connection name amqp [] []
[2021-09-15 13:05:09] main.INFO: Consumer "async.operations.all" skipped as required connection "amqp" is not configured. Unknown connection name amqp [] []
[2021-09-15 13:10:28] main.INFO: Consumer "async.operations.all" skipped as required connection "amqp" is not configured. Unknown connection name amqp [] []
[2021-09-15 13:15:39] main.INFO: Consumer "async.operations.all" skipped as required connection "amqp" is not configured. Unknown connection name amqp [] []
[2021-09-15 13:20:27] main.INFO: Consumer "async.operations.all" skipped as required connection "amqp" is not configured. Unknown connection name amqp [] []
[2021-09-15 13:25:41] main.INFO: Consumer "async.operations.all" skipped as required connection "amqp" is not configured. Unknown connection name amqp [] []
[2021-09-15 13:30:21] main.INFO: Consumer "async.operations.all" skipped as required connection "amqp" is not configured. Unknown connection name amqp [] []
[2021-09-15 13:35:11] main.INFO: Consumer "async.operations.all" skipped as required connection "amqp" is not configured. Unknown connection name amqp [] []
[2021-09-15 13:40:12] main.INFO: Consumer "async.operations.all" skipped as required connection "amqp" is not configured. Unknown connection name amqp [] []
[2021-09-15 13:45:25] main.INFO: Consumer "async.operations.all" skipped as required connection "amqp" is not configured. Unknown connection name amqp [] []
[2021-09-15 13:50:47] main.INFO: Consumer "async.operations.all" skipped as required connection "amqp" is not configured. Unknown connection name amqp [] []
[2021-09-15 13:55:29] main.INFO: Consumer "async.operations.all" skipped as required connection "amqp" is not configured. Unknown connection name amqp [] []
[2021-09-15 14:00:36] main.WARNING: Update of the subscription for MBI service has been failed: Not authorized.. Content-Type: text/plain;charset=UTF-8 [] []
[2021-09-15 14:00:37] main.INFO: Consumer "async.operations.all" skipped as required connection "amqp" is not configured. Unknown connection name amqp [] []
[2021-09-15 14:03:20] main.CRITICAL: Class MagentoEavModelEntityAttributeSourceTable does not exist [] []
[2021-09-15 14:03:40] main.WARNING: Broken reference: The element with the "before.body.end" ID wasn't found. Verify the ID and try again. [] []
[2021-09-15 14:04:05] main.WARNING: Deployment marker request did not send a 200 status code. [] []
[2021-09-15 14:04:11] main.INFO: Item Magento_Backend::system_currency was removed [] []
[2021-09-15 14:04:11] main.INFO: Add of item with id Magento_Config::system_config was processed [] []
[2021-09-15 14:04:11] main.INFO: Add of item with id Magento_Theme::design_config was processed [] []
[2021-09-15 14:04:11] main.INFO: Add of item with id Magento_Theme::system_design_theme was processed [] []
[2021-09-15 14:04:11] main.INFO: Add of item with id Magento_Backend::system_design_schedule was processed [] []
[2021-09-15 14:04:11] main.INFO: Add of item with id Magento_Backend::system_store was processed [] []
[2021-09-15 14:04:11] main.INFO: Add of item with id Magento_Backend::dashboard was processed [] []
[2021-09-15 14:04:11] main.INFO: Add of item with id Magento_Backend::system was processed [] []
[2021-09-15 14:04:11] main.INFO: Add of item with id Magento_Backend::system_tools was processed [] []
[2021-09-15 14:04:11] main.INFO: Add of item with id Magento_Backend::system_design was processed [] []
[2021-09-15 14:04:11] main.INFO: Add of item with id Magento_Backend::system_convert was processed [] []
[2021-09-15 14:04:11] main.INFO: Add of item with id Magento_Backend::system_cache was processed [] []
[2021-09-15 14:04:11] main.INFO: Add of item with id Magento_Backend::marketing was processed [] []
[2021-09-15 14:04:11] main.INFO: Add of item with id Magento_Backend::marketing_communications was processed [] []
[2021-09-15 14:04:11] main.INFO: Add of item with id Magento_Backend::marketing_seo was processed [] []
[2021-09-15 14:04:11] main.INFO: Add of item with id Magento_Backend::marketing_user_content was processed [] []
[2021-09-15 14:04:11] main.INFO: Add of item with id Magento_Backend::content was processed [] []
[2021-09-15 14:04:11] main.INFO: Add of item with id Magento_Backend::content_elements was processed [] []
[2021-09-15 14:04:11] main.INFO: Add of item with id Magento_Backend::stores was processed [] []
[2021-09-15 14:04:11] main.INFO: Add of item with id Magento_Backend::stores_settings was processed [] []
[2021-09-15 14:04:11] main.INFO: Add of item with id Magento_Backend::stores_attributes was processed [] []
[2021-09-15 14:04:11] main.INFO: Add of item with id Magento_Backend::other_settings was processed [] []
[2021-09-15 14:04:11] main.INFO: Add of item with id Magento_Backend::system_other_settings was processed [] []
[2021-09-15 14:04:11] main.INFO: Add of item with id Magento_Backend::setup_wizard was processed [] []
[2021-09-15 14:04:11] main.INFO: Add of item with id Magento_Variable::system_variable was processed [] []
[2021-09-15 14:04:11] main.INFO: Add of item with id Magento_Search::search_terms was processed [] []
[2021-09-15 14:04:11] main.INFO: Add of item with id Magento_Search::search_synonyms was processed [] []
[2021-09-15 14:04:11] main.INFO: Add of item with id Magento_Backup::system_tools_backup was processed [] []
[2021-09-15 14:04:11] main.INFO: Add of item with id Magento_Customer::customer was processed [] []
[2021-09-15 14:04:11] main.INFO: Add of item with id Magento_Customer::customer_manage was processed [] []
[2021-09-15 14:04:11] main.INFO: Add of item with id Magento_Customer::customer_online was processed [] []
[2021-09-15 14:04:11] main.INFO: Add of item with id Magento_Customer::customer_group was processed [] []
[2021-09-15 14:04:11] main.INFO: Add of item with id Magento_AdminNotification::system_adminnotification was processed [] []
[2021-09-15 14:04:11] main.INFO: Add of item with id Magento_Indexer::system_index was processed [] []
[2021-09-15 14:04:11] main.INFO: Add of item with id Magento_Cms::cms_page was processed [] []
[2021-09-15 14:04:11] main.INFO: Add of item with id Magento_Cms::cms_block was processed [] []
[2021-09-15 14:04:11] main.INFO: Add of item with id Magento_Catalog::catalog was processed [] []
[2021-09-15 14:04:11] main.INFO: Add of item with id Magento_Catalog::catalog_products was processed [] []
[2021-09-15 14:04:11] main.INFO: Add of item with id Magento_Catalog::catalog_categories was processed [] []
[2021-09-15 14:04:11] main.INFO: Add of item with id Magento_Catalog::catalog_attributes_attributes was processed [] []
[2021-09-15 14:04:11] main.INFO: Add of item with id Magento_Catalog::catalog_attributes_sets was processed [] []
[2021-09-15 14:04:11] main.INFO: Add of item with id Magento_Catalog::inventory was processed [] []
[2021-09-15 14:04:11] main.INFO: Add of item with id Magento_CatalogRule::promo was processed [] []
[2021-09-15 14:04:11] main.INFO: Add of item with id Magento_CatalogRule::promo_catalog was processed [] []
[2021-09-15 14:04:11] main.INFO: Add of item with id Magento_Widget::cms_widget_instance was processed [] []
[2021-09-15 14:04:11] main.INFO: Add of item with id Magento_User::system_acl was processed [] []
[2021-09-15 14:04:11] main.INFO: Add of item with id Magento_User::system_acl_users was processed [] []
[2021-09-15 14:04:11] main.INFO: Add of item with id Magento_User::system_acl_roles was processed [] []
[2021-09-15 14:04:11] main.INFO: Add of item with id Magento_User::system_acl_locks was processed [] []
[2021-09-15 14:04:11] main.INFO: Add of item with id Magento_Sales::sales was processed [] []
[2021-09-15 14:04:11] main.INFO: Add of item with id Magento_Sales::sales_operation was processed [] []
[2021-09-15 14:04:11] main.INFO: Add of item with id Magento_Sales::sales_order was processed [] []
[2021-09-15 14:04:11] main.INFO: Add of item with id Magento_Sales::sales_invoice was processed [] []
[2021-09-15 14:04:11] main.INFO: Add of item with id Magento_Sales::sales_shipment was processed [] []
[2021-09-15 14:04:11] main.INFO: Add of item with id Magento_Sales::sales_creditmemo was processed [] []
[2021-09-15 14:04:11] main.INFO: Add of item with id Magento_Sales::sales_transactions was processed [] []
[2021-09-15 14:04:11] main.INFO: Add of item with id Magento_Sales::system_order_statuses was processed [] []
[2021-09-15 14:04:11] main.INFO: Add of item with id Magento_CurrencySymbol::system_currency was processed [] []
[2021-09-15 14:04:11] main.INFO: Add of item with id Magento_CurrencySymbol::system_currency_rates was processed [] []
[2021-09-15 14:04:11] main.INFO: Add of item with id Magento_CurrencySymbol::system_currency_symbols was processed [] []
[2021-09-15 14:04:11] main.INFO: Add of item with id Magento_Integration::system_extensions was processed [] []
[2021-09-15 14:04:11] main.INFO: Add of item with id Magento_Integration::system_integrations was processed [] []
[2021-09-15 14:04:11] main.INFO: Add of item with id Magento_AsynchronousOperations::system_magento_logging was processed [] []
[2021-09-15 14:04:11] main.INFO: Add of item with id Magento_AsynchronousOperations::system_magento_logging_bulk_operations was processed [] []
[2021-09-15 14:04:11] main.INFO: Add of item with id Magento_Downloadable::report_products_downloads was processed [] []
[2021-09-15 14:04:11] main.INFO: Add of item with id Magento_ImportExport::system_convert_import was processed [] []
[2021-09-15 14:04:11] main.INFO: Add of item with id Magento_ImportExport::system_convert_export was processed [] []
[2021-09-15 14:04:11] main.INFO: Add of item with id Magento_ImportExport::system_convert_history was processed [] []
[2021-09-15 14:04:11] main.INFO: Add of item with id Magento_Email::template was processed [] []
[2021-09-15 14:04:11] main.INFO: Add of item with id Magento_EncryptionKey::system_crypt_key was processed [] []
[2021-09-15 14:04:11] main.INFO: Add of item with id Magento_Analytics::business_intelligence was processed [] []
[2021-09-15 14:04:11] main.INFO: Add of item with id Magento_Analytics::advanced_reporting was processed [] []
[2021-09-15 14:04:11] main.INFO: Add of item with id Magento_Analytics::bi_essentials was processed [] []
[2021-09-15 14:04:11] main.INFO: Add of item with id Magento_InventoryAdminUi::inventory was processed [] []
[2021-09-15 14:04:11] main.INFO: Add of item with id Magento_InventoryAdminUi::source was processed [] []
[2021-09-15 14:04:11] main.INFO: Add of item with id Magento_InventoryAdminUi::stock was processed [] []
[2021-09-15 14:04:11] main.INFO: Add of item with id Magento_Marketplace::partners was processed [] []
[2021-09-15 14:04:11] main.INFO: Add of item with id Magento_Newsletter::newsletter_template was processed [] []
[2021-09-15 14:04:11] main.INFO: Add of item with id Magento_Newsletter::newsletter_queue was processed [] []
[2021-09-15 14:04:11] main.INFO: Add of item with id Magento_Newsletter::newsletter_subscriber was processed [] []
[2021-09-15 14:04:11] main.INFO: Add of item with id Magento_Newsletter::newsletter_problem was processed [] []
[2021-09-15 14:04:11] main.INFO: Add of item with id Magento_SalesRule::promo_quote was processed [] []
[2021-09-15 14:04:11] main.INFO: Add of item with id Magento_Paypal::report_salesroot_paypal_settlement_reports was processed [] []
[2021-09-15 14:04:11] main.INFO: Add of item with id Magento_Paypal::paypal_billing_agreement was processed [] []
[2021-09-15 14:04:11] main.INFO: Add of item with id Magento_CheckoutAgreements::sales_checkoutagreement was processed [] []
[2021-09-15 14:04:11] main.INFO: Add of item with id Magento_Reports::report was processed [] []
[2021-09-15 14:04:11] main.INFO: Add of item with id Magento_Reports::report_marketing was processed [] []
[2021-09-15 14:04:11] main.INFO: Add of item with id Magento_Reports::report_salesroot was processed [] []
[2021-09-15 14:04:11] main.INFO: Add of item with id Magento_Reports::report_salesroot_sales was processed [] []
[2021-09-15 14:04:11] main.INFO: Add of item with id Magento_Reports::report_salesroot_tax was processed [] []
[2021-09-15 14:04:11] main.INFO: Add of item with id Magento_Reports::report_salesroot_invoiced was processed [] []
[2021-09-15 14:04:11] main.INFO: Add of item with id Magento_Reports::report_salesroot_shipping was processed [] []
[2021-09-15 14:04:11] main.INFO: Add of item with id Magento_Reports::report_salesroot_refunded was processed [] []
[2021-09-15 14:04:11] main.INFO: Add of item with id Magento_Reports::report_salesroot_coupons was processed [] []
[2021-09-15 14:04:11] main.INFO: Add of item with id Magento_Reports::report_shopcart_product was processed [] []
[2021-09-15 14:04:11] main.INFO: Add of item with id Magento_Reports::report_shopcart_abandoned was processed [] []
[2021-09-15 14:04:11] main.INFO: Add of item with id Magento_Reports::report_products was processed [] []
[2021-09-15 14:04:11] main.INFO: Add of item with id Magento_Reports::report_products_bestsellers was processed [] []
[2021-09-15 14:04:11] main.INFO: Add of item with id Magento_Reports::report_products_sold was processed [] []
[2021-09-15 14:04:11] main.INFO: Add of item with id Magento_Reports::report_products_viewed was processed [] []
[2021-09-15 14:04:11] main.INFO: Add of item with id Magento_Reports::report_products_lowstock was processed [] []
[2021-09-15 14:04:11] main.INFO: Add of item with id Magento_Reports::report_customers was processed [] []
[2021-09-15 14:04:11] main.INFO: Add of item with id Magento_Reports::report_customers_accounts was processed [] []
[2021-09-15 14:04:11] main.INFO: Add of item with id Magento_Reports::report_customers_totals was processed [] []
[2021-09-15 14:04:11] main.INFO: Add of item with id Magento_Reports::report_customers_orders was processed [] []
[2021-09-15 14:04:11] main.INFO: Add of item with id Magento_Reports::report_statistics was processed [] []
[2021-09-15 14:04:11] main.INFO: Add of item with id Magento_Reports::report_statistics_refresh was processed [] []
[2021-09-15 14:04:11] main.INFO: Add of item with id Magento_Search::report_search_term was processed [] []
[2021-09-15 14:04:11] main.INFO: Add of item with id Magento_Review::catalog_reviews_ratings_ratings was processed [] []
[2021-09-15 14:04:11] main.INFO: Add of item with id Magento_Review::catalog_reviews_ratings_pending was processed [] []
[2021-09-15 14:04:11] main.INFO: Add of item with id Magento_Review::catalog_reviews_ratings_reviews_all was processed [] []
[2021-09-15 14:04:11] main.INFO: Add of item with id Magento_Review::report_review was processed [] []
[2021-09-15 14:04:11] main.INFO: Add of item with id Magento_Review::report_review_customer was processed [] []
[2021-09-15 14:04:11] main.INFO: Add of item with id Magento_Review::report_review_product was processed [] []
[2021-09-15 14:04:11] main.INFO: Add of item with id Magento_UrlRewrite::urlrewrite was processed [] []
[2021-09-15 14:04:11] main.INFO: Add of item with id Magento_Sitemap::catalog_sitemap was processed [] []
[2021-09-15 14:04:11] main.INFO: Add of item with id Magento_Tax::sales_tax was processed [] []
[2021-09-15 14:04:11] main.INFO: Add of item with id Magento_Tax::sales_tax_rules was processed [] []
[2021-09-15 14:04:11] main.INFO: Add of item with id Magento_Tax::sales_tax_rates was processed [] []
[2021-09-15 14:04:11] main.INFO: Add of item with id Magento_TaxImportExport::system_convert_tax was processed [] []
[2021-09-15 14:04:11] main.INFO: Add of item with id Magento_Braintree::settlement_report was processed [] []
[2021-09-15 14:04:11] main.INFO: Add of item with id Clarion_CustomerAttribute::customer_attributes was processed [] []
[2021-09-15 14:04:11] main.INFO: Add of item with id Dotdigitalgroup_Email::marketing_automation was processed [] []
[2021-09-15 14:04:11] main.INFO: Add of item with id Dotdigitalgroup_Email::automation_studio was processed [] []
[2021-09-15 14:04:11] main.INFO: Add of item with id Dotdigitalgroup_Email::exclusion_rules was processed [] []
[2021-09-15 14:04:11] main.INFO: Add of item with id Dotdigitalgroup_Email::marketing_automation_report was processed [] []
[2021-09-15 14:04:11] main.INFO: Add of item with id Dotdigitalgroup_Email::dashboards was processed [] []
[2021-09-15 14:04:11] main.INFO: Add of item with id Dotdigitalgroup_Email::importer was processed [] []
[2021-09-15 14:04:11] main.INFO: Add of item with id Dotdigitalgroup_Email::automation was processed [] []
[2021-09-15 14:04:11] main.INFO: Add of item with id Dotdigitalgroup_Email::campaign was processed [] []
[2021-09-15 14:04:11] main.INFO: Add of item with id Dotdigitalgroup_Email::cron was processed [] []
[2021-09-15 14:04:11] main.INFO: Add of item with id Dotdigitalgroup_Email::logviewer was processed [] []
[2021-09-15 14:04:11] main.INFO: Add of item with id Dotdigitalgroup_Email::abandoned was processed [] []
[2021-09-15 14:04:11] main.INFO: Add of item with id Ebizmarts_MailChimp::mailchimp_menu was processed [] []
[2021-09-15 14:04:11] main.INFO: Add of item with id Ebizmarts_MailChimp::config_menu was processed [] []
[2021-09-15 14:04:11] main.INFO: Add of item with id Ebizmarts_MailChimp::store_menu was processed [] []
[2021-09-15 14:04:11] main.INFO: Add of item with id Ebizmarts_MailChimp::error_menu was processed [] []
[2021-09-15 14:04:11] main.INFO: Add of item with id Mageplaza_Osc::osc was processed [] []
[2021-09-15 14:04:11] main.INFO: Add of item with id Mageplaza_Osc::field_management was processed [] []
[2021-09-15 14:04:11] main.INFO: Add of item with id Mageplaza_Osc::configuration was processed [] []
[2021-09-15 14:04:11] main.INFO: Add of item with id Mageplaza_RewardPoints::reward_points was processed [] []
[2021-09-15 14:04:11] main.INFO: Add of item with id Mageplaza_RewardPoints::earning_rate was processed [] []
[2021-09-15 14:04:11] main.INFO: Add of item with id Mageplaza_RewardPoints::spending_rate was processed [] []
[2021-09-15 14:04:11] main.INFO: Add of item with id Mageplaza_RewardPoints::transaction was processed [] []
[2021-09-15 14:04:11] main.INFO: Add of item with id Mageplaza_RewardPoints::configuration was processed [] []
[2021-09-15 14:04:11] main.INFO: Add of item with id Mageplaza_Smtp::smtp was processed [] []
[2021-09-15 14:04:11] main.INFO: Add of item with id Mageplaza_Smtp::log was processed [] []
[2021-09-15 14:04:11] main.INFO: Add of item with id Mageplaza_Smtp::configuration was processed [] []
[2021-09-15 14:04:11] main.INFO: Add of item with id Mageplaza_Smtp::abandoned_cart was processed [] []
[2021-09-15 14:04:11] main.INFO: Add of item with id Temando_Shipping::shipping was processed [] []
[2021-09-15 14:04:11] main.INFO: Add of item with id Temando_Shipping::carriers was processed [] []
[2021-09-15 14:04:11] main.INFO: Add of item with id Temando_Shipping::locations was processed [] []
[2021-09-15 14:04:11] main.INFO: Add of item with id Temando_Shipping::packaging was processed [] []
[2021-09-15 14:04:11] main.INFO: Add of item with id Temando_Shipping::experiences was processed [] []
[2021-09-15 14:04:11] main.INFO: Add of item with id Temando_Shipping::pickups was processed [] []
[2021-09-15 14:04:11] main.INFO: Add of item with id Temando_Shipping::dispatches was processed [] []
[2021-09-15 14:04:11] main.INFO: Add of item with id Temando_Shipping::batches was processed [] []
[2021-09-15 14:04:22] main.WARNING: Broken reference: The element with the "before.body.end" ID wasn't found. Verify the ID and try again. [] []
[2021-09-15 14:05:35] main.INFO: Consumer "async.operations.all" skipped as required connection "amqp" is not configured. Unknown connection name amqp [] []
[2021-09-15 14:10:42] main.INFO: Consumer "async.operations.all" skipped as required connection "amqp" is not configured. Unknown connection name amqp [] []
[2021-09-15 14:15:19] main.INFO: Consumer "async.operations.all" skipped as required connection "amqp" is not configured. Unknown connection name amqp [] []
[2021-09-15 14:20:22] main.INFO: Consumer "async.operations.all" skipped as required connection "amqp" is not configured. Unknown connection name amqp [] []
[2021-09-15 14:22:48] main.INFO: Reference to undeclared plugin with name 'stockedProductsFilterPlugin'. [] []
[2021-09-15 14:24:52] main.CRITICAL: Class MagentoEavModelEntityAttributeSourceTable does not exist [] []
[2021-09-15 14:25:17] main.INFO: Consumer "async.operations.all" skipped as required connection "amqp" is not configured. Unknown connection name amqp [] []
[2021-09-15 14:27:05] main.CRITICAL: Class MagentoEavModelEntityAttributeSourceTable does not exist [] []
[2021-09-15 14:27:22] main.CRITICAL: Class MagentoEavModelEntityAttributeSourceTable does not exist [] []
[2021-09-15 14:27:43] main.CRITICAL: Class MagentoEavModelEntityAttributeSourceTable does not exist [] []
[2021-09-15 14:27:54] main.CRITICAL: Class MagentoEavModelEntityAttributeSourceTable does not exist [] []
[2021-09-15 14:28:04] main.CRITICAL: Class MagentoEavModelEntityAttributeSourceTable does not exist [] []
[2021-09-15 14:28:30] main.CRITICAL: Class MagentoEavModelEntityAttributeSourceTable does not exist [] []
[2021-09-15 14:29:27] main.CRITICAL: Class MagentoEavModelEntityAttributeSourceTable does not exist [] []
[2021-09-15 14:29:50] main.CRITICAL: Class MagentoEavModelEntityAttributeSourceTable does not exist [] []
[2021-09-15 14:30:31] main.INFO: Consumer "async.operations.all" skipped as required connection "amqp" is not configured. Unknown connection name amqp [] []
[2021-09-15 14:35:59] main.INFO: Reference to undeclared plugin with name 'stockedProductsFilterPlugin'. [] []
[2021-09-15 14:36:15] main.INFO: Reference to undeclared plugin with name 'stockedProductsFilterPlugin'. [] []
